37980 | scheduled task 032 | Start: 11:35:23 | End: 11:35:56 | Duration: 0m 33s | Status: OK
57672 | scheduled task 796 | Start: 11:36:11 | End: 11:36:18 | Duration: 0m 7s | Status: OK
10515 | scheduled task 386 | Start: 11:38:33 | End: 11:40:24 | Duration: 1m 51s | Status: OK
23118 | scheduled task 188 | Start: 11:40:49 | End: 11:41:28 | Duration: 0m 39s | Status: OK
60134 | background job ulp | Start: 11:41:11 | End: 11:41:55 | Duration: 0m 44s | Status: OK
90962 | scheduled task 996 | Start: 11:40:51 | End: 11:42:46 | Duration: 1m 55s | Status: OK
90812 | background job dej | Start: 11:39:26 | End: 11:43:32 | Duration: 4m 6s | Status: OK
75164 | scheduled task 173 | Start: 11:45:47 | End: 11:46:51 | Duration: 1m 4s | Status: OK
36709 | background job djw | Start: 11:47:04 | End: 11:47:54 | Duration: 0m 50s | Status: OK
26831 | scheduled task 538 | Start: 11:46:04 | End: 11:48:16 | Duration: 2m 12s | Status: OK
47139 | scheduled task 946 | Start: 11:44:56 | End: 11:48:22 | Duration: 3m 26s | Status: OK
39547 | scheduled task 051 | Start: 11:37:53 | End: 11:49:22 | Duration: 11m 29s | Status: ERROR
45135 | scheduled task 515 | Start: 11:37:14 | End: 11:49:37 | Duration: 12m 23s | Status: ERROR
32904 | scheduled task 697 | Start: 11:49:12 | End: 11:49:46 | Duration: 0m 34s | Status: OK
71766 | scheduled task 074 | Start: 11:45:04 | End: 11:50:51 | Duration: 5m 47s | Status: WARNING
24799 | scheduled task 536 | Start: 11:51:21 | End: 11:51:28 | Duration: 0m 7s | Status: OK
81258 | background job wmy | Start: 11:36:58 | End: 11:51:44 | Duration: 14m 46s | Status: ERROR
32674 | scheduled task 626 | Start: 11:51:06 | End: 11:52:32 | Duration: 1m 26s | Status: OK
38579 | background job you | Start: 11:50:09 | End: 11:53:42 | Duration: 3m 33s | Status: OK
87228 | scheduled task 268 | Start: 11:44:25 | End: 11:53:53 | Duration: 9m 28s | Status: WARNING
50295 | scheduled task 811 | Start: 11:48:45 | End: 11:55:20 | Duration: 6m 35s | Status: WARNING
55722 | background job cmx | Start: 11:54:56 | End: 11:55:43 | Duration: 0m 47s | Status: OK
33528 | scheduled task 706 | Start: 11:52:47 | End: 11:56:09 | Duration: 3m 22s | Status: OK
27222 | scheduled task 294 | Start: 11:50:07 | End: 11:56:15 | Duration: 6m 8s | Status: WARNING
64591 | scheduled task 521 | Start: 11:57:05 | End: 11:58:55 | Duration: 1m 50s | Status: OK
67833 | scheduled task 080 | Start: 11:57:16 | End: 12:00:51 | Duration: 3m 35s | Status: OK
87570 | scheduled task 794 | Start: 11:53:57 | End: 12:01:50 | Duration: 7m 53s | Status: WARNING
99672 | background job sqm | Start: 11:57:08 | End: 12:02:21 | Duration: 5m 13s | Status: WARNING
96183 | scheduled task 678 | Start: 11:58:12 | End: 12:02:26 | Duration: 4m 14s | Status: OK
16168 | scheduled task 773 | Start: 12:02:39 | End: 12:02:55 | Duration: 0m 16s | Status: OK
34189 | scheduled task 920 | Start: 11:59:43 | End: 12:03:02 | Duration: 3m 19s | Status: OK
86716 | background job xfg | Start: 11:59:29 | End: 12:05:03 | Duration: 5m 34s | Status: WARNING
22003 | scheduled task 004 | Start: 11:55:29 | End: 12:06:42 | Duration: 11m 13s | Status: ERROR
85742 | scheduled task 064 | Start: 11:55:16 | End: 12:07:33 | Duration: 12m 17s | Status: ERROR
81470 | background job wiy | Start: 12:08:30 | End: 12:09:33 | Duration: 1m 3s | Status: OK
98746 | scheduled task 746 | Start: 12:04:18 | End: 12:11:35 | Duration: 7m 17s | Status: WARNING
39860 | scheduled task 460 | Start: 11:53:17 | End: 12:13:09 | Duration: 19m 52s | Status: ERROR
52532 | background job tqc | Start: 12:00:03 | End: 12:13:56 | Duration: 13m 53s | Status: ERROR
62922 | scheduled task 531 | Start: 12:14:20 | End: 12:15:09 | Duration: 0m 49s | Status: OK
62401 | scheduled task 936 | Start: 12:05:59 | End: 12:16:23 | Duration: 10m 24s | Status: ERROR
23703 | scheduled task 374 | Start: 12:04:57 | End: 12:18:23 | Duration: 13m 26s | Status: ERROR
70808 | scheduled task 182 | Start: 11:44:43 | End: 12:18:26 | Duration: 33m 43s | Status: ERROR
24482 | scheduled task 672 | Start: 12:10:38 | End: 12:19:14 | Duration: 8m 36s | Status: WARNING
